<?xml version="1.0" encoding="UTF-8"?>
<!-- Generated by org.testng.reporters.JUnitXMLReporter -->
<testsuite ignored="0" hostname="Carloss-MacBook-Pro.local" failures="0" tests="4" name="Surefire test" time="1.849" errors="0" timestamp="2020-11-05T10:23:40 PET">
  <testcase classname="midterm.SubjectTests" name="testCase0" time="0.015"/>
  <testcase classname="midterm.SubjectTests" name="testCase1" time="0.045"/>
  <testcase classname="midterm.SubjectTests" name="testCase2" time="1.724"/>
  <testcase classname="midterm.SubjectTests" name="testCase3" time="0.004"/>
</testsuite> <!-- Surefire test -->
