<?xml version="1.0" encoding="UTF-8"?>
<!-- Generated by org.testng.reporters.JUnitXMLReporter -->
<testsuite ignored="0" hostname="Carloss-MacBook-Pro.local" failures="0" tests="3" name="Surefire test" time="2.429" errors="0" timestamp="2020-11-05T10:16:19 PET">
  <testcase classname="midterm.SubjectTests" name="testCase0" time="0.016"/>
  <testcase classname="midterm.SubjectTests" name="testCase1" time="0.055"/>
  <testcase classname="midterm.SubjectTests" name="testCase2" time="2.289"/>
</testsuite> <!-- Surefire test -->
