<?xml version="1.0" encoding="UTF-8"?>
<testsuite xmlns:xsi="http://www.w3.org/2001/XMLSchema-instance" xsi:noNamespaceSchemaLocation="https://maven.apache.org/surefire/maven-surefire-plugin/xsd/surefire-test-report.xsd" name="midterm.SubjectTests" time="0.549" tests="2" errors="0" skipped="0" failures="0">
  <properties>
[...]
</properties>
  <testcase name="testCase0" classname="midterm.SubjectTests" time="0.017"/>
  <testcase name="testCase1" classname="midterm.SubjectTests" time="0.047"/>
</testsuite>