<?xml version="1.0" encoding="UTF-8"?>
<testng-results ignored="0" total="2" passed="2" failed="0" skipped="0">
  <reporter-output>
  </reporter-output>
  <suite started-at="2020-11-05T10:14:01 PET" name="Surefire suite" finished-at="2020-11-05T10:14:01 PET" duration-ms="130">
    <groups>
    </groups>
    <test started-at="2020-11-05T10:14:01 PET" name="Surefire test" finished-at="2020-11-05T10:14:01 PET" duration-ms="130">
      <class name="midterm.SubjectTests">
        <test-method signature="testCase0()[pri:0, instance:midterm.SubjectTests@3a543f31]" started-at="2020-11-05T10:14:01 PET" name="testCase0" finished-at="2020-11-05T10:14:01 PET" duration-ms="17" status="PASS">
          <reporter-output>
          </reporter-output>
        </test-method> <!-- testCase0 -->
        <test-method signature="testCase1()[pri:0, instance:midterm.SubjectTests@3a543f31]" started-at="2020-11-05T10:14:01 PET" name="testCase1" finished-at="2020-11-05T10:14:01 PET" duration-ms="49" status="PASS">
          <reporter-output>
          </reporter-output>
        </test-method> <!-- testCase1 -->
      </class> <!-- midterm.SubjectTests -->
    </test> <!-- Surefire test -->
  </suite> <!-- Surefire suite -->
</testng-results>
